2021-09-26 10:15:28,963 G:\pycharm\script\UI_automated_testing\tools\logUtil.py DEBUG [test_account_management_inquire_005-- 06 账号管理--账号管理-验证查询并核对]
2021-09-26 10:19:22,874 G:\pycharm\script\UI_automated_testing\tools\logUtil.py DEBUG [test_account_management_inquire_005-- 06 账号管理--账号管理-验证查询并核对]
2021-09-26 10:21:41,061 G:\pycharm\script\UI_automated_testing\tools\logUtil.py DEBUG [test_account_management_inquire_005-- 06 账号管理--账号管理-验证查询并核对]
2021-09-26 10:30:04,410 G:\pycharm\script\UI_automated_testing\tools\logUtil.py DEBUG [test_account_management_inquire_005-- 06 账号管理--账号管理-验证查询并核对]
2021-09-26 11:34:56,763 G:\pycharm\script\UI_automated_testing\tools\logUtil.py DEBUG [test_account_management_inquire_005-- 06 账号管理--账号管理-验证查询并核对]
2021-09-26 11:44:24,604 G:\pycharm\script\UI_automated_testing\tools\logUtil.py DEBUG [account_management_button_click_005-- 06 账号管理--账号管理-点击]
2021-09-26 11:51:49,334 G:\pycharm\script\UI_automated_testing\tools\logUtil.py DEBUG [account_management_button_click_005-- 06 账号管理--账号管理-点击]
2021-09-26 13:38:57,234 G:\pycharm\script\UI_automated_testing\tools\logUtil.py DEBUG [account_management_button_click_005-- 06 账号管理--账号管理-点击]
2021-09-26 13:44:26,168 G:\pycharm\script\UI_automated_testing\tools\logUtil.py DEBUG [test_account_management_add-- 06 账号管理--添加账号]
2021-09-26 13:51:19,325 G:\pycharm\script\UI_automated_testing\tools\logUtil.py DEBUG [test_record_statistical_query_inquire_005-- 05 培训记录统计--验证 操作]
2021-09-26 13:52:09,372 G:\pycharm\script\UI_automated_testing\tools\logUtil.py DEBUG [test_account_management_add-- 06 账号管理--添加账号]
2021-09-26 14:06:01,955 G:\pycharm\script\UI_automated_testing\tools\logUtil.py DEBUG [test_account_management_add-- 06 账号管理--添加账号]
2021-09-26 14:07:51,556 G:\pycharm\script\UI_automated_testing\tools\logUtil.py DEBUG [test_account_management_add-- 06 账号管理--添加账号]
2021-09-26 14:11:02,806 G:\pycharm\script\UI_automated_testing\tools\logUtil.py DEBUG [test_account_management_add-- 06 账号管理--添加账号]
2021-09-26 14:24:53,881 G:\pycharm\script\UI_automated_testing\tools\logUtil.py DEBUG [test_account_management_add-- 06 账号管理--添加账号]
2021-09-26 14:31:25,912 G:\pycharm\script\UI_automated_testing\tools\logUtil.py DEBUG [test_account_management_add-- 06 账号管理--添加账号]
2021-09-26 14:41:33,195 G:\pycharm\script\UI_automated_testing\tools\logUtil.py DEBUG [test_account_management_add-- 06 账号管理--添加账号]
2021-09-26 14:43:44,287 G:\pycharm\script\UI_automated_testing\tools\logUtil.py DEBUG [test_account_management_add-- 06 账号管理--添加账号]
2021-09-26 14:45:45,369 G:\pycharm\script\UI_automated_testing\tools\logUtil.py DEBUG [test_account_management_add-- 06 账号管理--添加账号]
2021-09-26 14:48:03,709 G:\pycharm\script\UI_automated_testing\tools\logUtil.py DEBUG [test_account_management_add-- 06 账号管理--添加账号]
2021-09-26 14:52:00,751 G:\pycharm\script\UI_automated_testing\tools\logUtil.py DEBUG [test_account_management_add-- 06 账号管理--添加账号]
2021-09-26 14:57:11,721 G:\pycharm\script\UI_automated_testing\tools\logUtil.py DEBUG [test_account_management_add-- 06 账号管理--添加账号]
2021-09-26 14:58:04,739 G:\pycharm\script\UI_automated_testing\tools\logUtil.py DEBUG [test_account_management_add-- 06 账号管理--添加账号]
2021-09-26 15:02:52,043 G:\pycharm\script\UI_automated_testing\tools\logUtil.py DEBUG [test_account_management_add-- 06 账号管理--添加账号]
2021-09-26 15:04:10,111 G:\pycharm\script\UI_automated_testing\tools\logUtil.py DEBUG [test_account_management_add-- 06 账号管理--添加账号]
2021-09-26 15:07:46,598 G:\pycharm\script\UI_automated_testing\tools\logUtil.py DEBUG [test_account_management_add-- 06 账号管理--添加账号]
2021-09-26 15:12:50,631 G:\pycharm\script\UI_automated_testing\tools\logUtil.py DEBUG [test_account_management_add-- 06 账号管理--添加账号]
2021-09-26 15:21:17,099 G:\pycharm\script\UI_automated_testing\tools\logUtil.py DEBUG [test_account_management_add-- 06 账号管理--添加账号]
2021-09-26 15:21:55,167 G:\pycharm\script\UI_automated_testing\tools\logUtil.py DEBUG [test_account_management_add-- 06 账号管理--删除账号]
2021-09-26 15:26:16,358 G:\pycharm\script\UI_automated_testing\tools\logUtil.py DEBUG [test_account_management_add-- 06 账号管理--添加账号]
2021-09-26 15:26:54,547 G:\pycharm\script\UI_automated_testing\tools\logUtil.py DEBUG [test_account_management_add-- 06 账号管理--删除账号]
2021-09-26 15:32:03,497 G:\pycharm\script\UI_automated_testing\tools\logUtil.py DEBUG [test_account_management_add-- 06 账号管理--添加账号]
2021-09-26 15:33:06,040 G:\pycharm\script\UI_automated_testing\tools\logUtil.py DEBUG [test_account_management_add-- 06 账号管理--添加账号]
2021-09-26 15:33:44,505 G:\pycharm\script\UI_automated_testing\tools\logUtil.py DEBUG [test_account_management_add-- 06 账号管理--删除账号]
2021-09-26 15:34:59,464 G:\pycharm\script\UI_automated_testing\tools\logUtil.py DEBUG [test_account_management_add-- 06 账号管理--添加账号]
2021-09-26 15:35:37,869 G:\pycharm\script\UI_automated_testing\tools\logUtil.py DEBUG [test_account_management_add-- 06 账号管理--删除账号]
2021-09-26 15:38:02,028 G:\pycharm\script\UI_automated_testing\tools\logUtil.py DEBUG [test_account_management_add-- 06 账号管理--添加账号]
2021-09-26 15:38:40,286 G:\pycharm\script\UI_automated_testing\tools\logUtil.py DEBUG [test_account_management_add-- 06 账号管理--删除账号]
2021-09-26 15:41:29,125 G:\pycharm\script\UI_automated_testing\tools\logUtil.py DEBUG [test_account_management_add-- 06 账号管理--添加账号]
2021-09-26 15:42:07,040 G:\pycharm\script\UI_automated_testing\tools\logUtil.py DEBUG [test_account_management_add-- 06 账号管理--删除账号]
2021-09-26 15:48:10,607 G:\pycharm\script\UI_automated_testing\tools\logUtil.py DEBUG [test_account_management_add-- 06 账号管理--添加账号]
2021-09-26 15:48:51,396 G:\pycharm\script\UI_automated_testing\tools\logUtil.py DEBUG [test_account_management_add-- 06 账号管理--删除账号]
2021-09-26 15:52:34,297 G:\pycharm\script\UI_automated_testing\tools\logUtil.py DEBUG [test_account_management_add-- 06 账号管理--添加账号]
2021-09-26 15:53:12,629 G:\pycharm\script\UI_automated_testing\tools\logUtil.py DEBUG [test_account_management_add-- 06 账号管理--删除账号]
2021-09-26 15:58:06,987 G:\pycharm\script\UI_automated_testing\tools\logUtil.py DEBUG [test_account_management_add-- 06 账号管理--添加账号]
2021-09-26 15:58:44,938 G:\pycharm\script\UI_automated_testing\tools\logUtil.py DEBUG [test_account_management_add-- 06 账号管理--删除账号]
2021-09-26 18:14:58,121 G:\pycharm\script\UI_automated_testing\tools\logUtil.py DEBUG [test_overview_digital_001--01 首页-数字概览--验证 总已参训人数/总计划人数相关字段、总达标人数/总参训人数  是否计算正确]
2021-09-26 18:15:21,059 G:\pycharm\script\UI_automated_testing\tools\logUtil.py DEBUG [test_charts_002--01 首页-数字概览--验证 参训/达标走势图  是否正确返回]
2021-09-26 18:15:56,341 G:\pycharm\script\UI_automated_testing\tools\logUtil.py DEBUG [test_kinds_standards_003--01 首页-数字概览--验证 各类达标情况  是否正确返回]
2021-09-26 18:16:16,259 G:\pycharm\script\UI_automated_testing\tools\logUtil.py DEBUG [test_student_details_003--02 首页-学员详情--验证 查询功能]
2021-09-26 18:17:14,881 G:\pycharm\script\UI_automated_testing\tools\logUtil.py DEBUG [test_company_data_003--03 首页-公司数据--验证 公司数据]
2021-09-26 18:17:59,121 G:\pycharm\script\UI_automated_testing\tools\logUtil.py DEBUG [test_tabulate_data_003--03 首页-公司数据--验证 汇总数据]
2021-09-26 18:18:14,342 G:\pycharm\script\UI_automated_testing\tools\logUtil.py DEBUG [test_tabulate_data_003--04 培训计划报送--验证 查询操作]
2021-09-26 18:19:50,964 G:\pycharm\script\UI_automated_testing\tools\logUtil.py DEBUG [test_query_inquire_005-- 05 培训记录查询--验证 操作]
2021-09-26 18:20:39,269 G:\pycharm\script\UI_automated_testing\tools\logUtil.py DEBUG [test_inquire_003-- 05 培训学分查询--验证 查询操作]
2021-09-26 18:23:17,533 G:\pycharm\script\UI_automated_testing\tools\logUtil.py DEBUG [test_operation_005-- 05 培训学分查询--验证 操作]
2021-09-26 18:24:16,938 G:\pycharm\script\UI_automated_testing\tools\logUtil.py DEBUG [test_record_statistical_query_inquire_005-- 05 培训记录统计--验证 操作]
2021-09-26 18:25:09,910 G:\pycharm\script\UI_automated_testing\tools\logUtil.py DEBUG [test_account_management_inquire_005-- 06 账号管理--账号管理-验证查询并核对]
2021-09-26 18:25:44,259 G:\pycharm\script\UI_automated_testing\tools\logUtil.py DEBUG [account_management_button_click_005-- 06 账号管理--账号管理-点击]
2021-09-26 18:26:16,704 G:\pycharm\script\UI_automated_testing\tools\logUtil.py DEBUG [test_account_management_add-- 06 账号管理--添加账号]
2021-09-26 18:26:54,659 G:\pycharm\script\UI_automated_testing\tools\logUtil.py DEBUG [test_account_management_add-- 06 账号管理--删除账号]
