2021-11-30 13:34:54,993 G:\pycharm\script\UI_automated_testing\tools\logUtil.py DEBUG [test_overview_digital_001--01 首页-数字概览--验证 总已参训人数/总计划人数相关字段、总达标人数/总参训人数  是否计算正确]
2021-11-30 13:35:17,990 G:\pycharm\script\UI_automated_testing\tools\logUtil.py DEBUG [test_charts_002--01 首页-数字概览--验证 参训/达标走势图  是否正确返回]
2021-11-30 13:35:53,159 G:\pycharm\script\UI_automated_testing\tools\logUtil.py DEBUG [test_kinds_standards_003--01 首页-数字概览--验证 各类达标情况  是否正确返回]
2021-11-30 13:36:13,059 G:\pycharm\script\UI_automated_testing\tools\logUtil.py DEBUG [test_student_details_003--02 首页-学员详情--验证 查询功能]
2021-11-30 13:36:57,824 G:\pycharm\script\UI_automated_testing\tools\logUtil.py DEBUG [test_company_data_003--03 首页-公司数据--验证 公司数据]
2021-11-30 13:37:42,097 G:\pycharm\script\UI_automated_testing\tools\logUtil.py DEBUG [test_tabulate_data_003--03 首页-公司数据--验证 汇总数据]
2021-11-30 13:37:57,317 G:\pycharm\script\UI_automated_testing\tools\logUtil.py DEBUG [test_tabulate_data_003--04 培训计划报送--验证 查询操作]
2021-11-30 13:39:34,089 G:\pycharm\script\UI_automated_testing\tools\logUtil.py DEBUG [test_query_inquire_005-- 05 培训记录查询--验证 操作]
2021-11-30 13:40:23,709 G:\pycharm\script\UI_automated_testing\tools\logUtil.py DEBUG [test_inquire_003-- 05 培训学分查询--验证 查询操作]
2021-11-30 13:43:03,886 G:\pycharm\script\UI_automated_testing\tools\logUtil.py DEBUG [test_operation_005-- 05 培训学分查询--验证 操作]
2021-11-30 13:43:17,894 G:\pycharm\script\UI_automated_testing\tools\logUtil.py DEBUG [test_record_statistical_query_inquire_005-- 05 培训记录统计--验证 操作]
2021-11-30 13:44:13,279 G:\pycharm\script\UI_automated_testing\tools\logUtil.py DEBUG [test_account_management_inquire_005-- 06 账号管理--账号管理-验证查询并核对]
2021-11-30 13:44:48,101 G:\pycharm\script\UI_automated_testing\tools\logUtil.py DEBUG [account_management_button_click_005-- 06 账号管理--账号管理-点击]
2021-11-30 13:45:21,423 G:\pycharm\script\UI_automated_testing\tools\logUtil.py DEBUG [test_account_management_add-- 06 账号管理--添加账号]
2021-11-30 13:46:10,104 G:\pycharm\script\UI_automated_testing\tools\logUtil.py DEBUG [test_account_management_add-- 06 账号管理--删除账号]
2021-11-30 13:57:24,185 G:\pycharm\script\UI_automated_testing\tools\logUtil.py DEBUG [test_overview_digital_001--01 首页-数字概览--验证 总已参训人数/总计划人数相关字段、总达标人数/总参训人数  是否计算正确]
2021-11-30 13:57:47,200 G:\pycharm\script\UI_automated_testing\tools\logUtil.py DEBUG [test_charts_002--01 首页-数字概览--验证 参训/达标走势图  是否正确返回]
2021-11-30 13:58:22,524 G:\pycharm\script\UI_automated_testing\tools\logUtil.py DEBUG [test_kinds_standards_003--01 首页-数字概览--验证 各类达标情况  是否正确返回]
2021-11-30 13:58:42,611 G:\pycharm\script\UI_automated_testing\tools\logUtil.py DEBUG [test_student_details_003--02 首页-学员详情--验证 查询功能]
2021-11-30 13:59:27,261 G:\pycharm\script\UI_automated_testing\tools\logUtil.py DEBUG [test_company_data_003--03 首页-公司数据--验证 公司数据]
2021-11-30 14:00:11,623 G:\pycharm\script\UI_automated_testing\tools\logUtil.py DEBUG [test_tabulate_data_003--03 首页-公司数据--验证 汇总数据]
2021-11-30 14:00:26,884 G:\pycharm\script\UI_automated_testing\tools\logUtil.py DEBUG [test_tabulate_data_003--04 培训计划报送--验证 查询操作]
2021-11-30 14:02:04,401 G:\pycharm\script\UI_automated_testing\tools\logUtil.py DEBUG [test_query_inquire_005-- 05 培训记录查询--验证 操作]
2021-11-30 14:02:54,533 G:\pycharm\script\UI_automated_testing\tools\logUtil.py DEBUG [test_inquire_003-- 05 培训学分查询--验证 查询操作]
2021-11-30 14:04:41,169 G:\pycharm\script\UI_automated_testing\tools\logUtil.py DEBUG [test_operation_005-- 05 培训学分查询--验证 操作]
2021-11-30 14:04:55,207 G:\pycharm\script\UI_automated_testing\tools\logUtil.py DEBUG [test_record_statistical_query_inquire_005-- 05 培训记录统计--验证 操作]
2021-11-30 14:05:50,869 G:\pycharm\script\UI_automated_testing\tools\logUtil.py DEBUG [test_account_management_inquire_005-- 06 账号管理--账号管理-验证查询并核对]
2021-11-30 14:06:26,685 G:\pycharm\script\UI_automated_testing\tools\logUtil.py DEBUG [account_management_button_click_005-- 06 账号管理--账号管理-点击]
2021-11-30 14:07:00,777 G:\pycharm\script\UI_automated_testing\tools\logUtil.py DEBUG [test_account_management_add-- 06 账号管理--添加账号]
2021-11-30 14:07:39,771 G:\pycharm\script\UI_automated_testing\tools\logUtil.py DEBUG [test_account_management_add-- 06 账号管理--删除账号]
