2021-09-24 10:41:51,686 G:\pycharm\script\UI_automated_testing\tools\logUtil.py DEBUG [test_overview_digital_001--01 首页-数字概览--验证 总已参训人数/总计划人数相关字段、总达标人数/总参训人数  是否计算正确]
2021-09-24 10:42:14,595 G:\pycharm\script\UI_automated_testing\tools\logUtil.py DEBUG [test_charts_002--01 首页-数字概览--验证 参训/达标走势图  是否正确返回]
2021-09-24 10:42:50,191 G:\pycharm\script\UI_automated_testing\tools\logUtil.py DEBUG [test_kinds_standards_003--01 首页-数字概览--验证 各类达标情况  是否正确返回]
2021-09-24 10:43:10,093 G:\pycharm\script\UI_automated_testing\tools\logUtil.py DEBUG [test_student_details_003--02 首页-学员详情--验证 查询功能]
2021-09-24 10:44:13,813 G:\pycharm\script\UI_automated_testing\tools\logUtil.py DEBUG [test_company_data_003--03 首页-公司数据--验证 公司数据]
2021-09-24 10:44:57,962 G:\pycharm\script\UI_automated_testing\tools\logUtil.py DEBUG [test_tabulate_data_003--03 首页-公司数据--验证 汇总数据]
2021-09-24 10:45:13,131 G:\pycharm\script\UI_automated_testing\tools\logUtil.py DEBUG [test_tabulate_data_003--04 培训计划报送--验证 查询操作]
2021-09-24 10:46:51,295 G:\pycharm\script\UI_automated_testing\tools\logUtil.py DEBUG [test_query_inquire_005-- 05 培训记录查询--验证 操作]
2021-09-24 14:28:28,340 G:\pycharm\script\UI_automated_testing\tools\logUtil.py DEBUG [test_overview_digital_001--01 首页-数字概览--验证 总已参训人数/总计划人数相关字段、总达标人数/总参训人数  是否计算正确]
2021-09-24 14:28:51,393 G:\pycharm\script\UI_automated_testing\tools\logUtil.py DEBUG [test_charts_002--01 首页-数字概览--验证 参训/达标走势图  是否正确返回]
2021-09-24 14:29:26,835 G:\pycharm\script\UI_automated_testing\tools\logUtil.py DEBUG [test_kinds_standards_003--01 首页-数字概览--验证 各类达标情况  是否正确返回]
2021-09-24 14:29:46,687 G:\pycharm\script\UI_automated_testing\tools\logUtil.py DEBUG [test_student_details_003--02 首页-学员详情--验证 查询功能]
2021-09-24 14:32:11,400 G:\pycharm\script\UI_automated_testing\tools\logUtil.py DEBUG [test_account_management_inquire_005-- 06 账号管理--验证 查询操作]
2021-09-24 14:38:28,995 G:\pycharm\script\UI_automated_testing\tools\logUtil.py DEBUG [test_account_management_inquire_005-- 06 账号管理--验证 查询操作]
2021-09-24 14:47:17,154 G:\pycharm\script\UI_automated_testing\tools\logUtil.py DEBUG [test_account_management_inquire_005-- 06 账号管理--验证 查询操作]
2021-09-24 14:48:41,444 G:\pycharm\script\UI_automated_testing\tools\logUtil.py DEBUG [test_account_management_inquire_005-- 06 账号管理--验证 查询操作]
2021-09-24 16:37:39,055 G:\pycharm\script\UI_automated_testing\tools\logUtil.py DEBUG [test_account_management_inquire_005-- 06 账号管理--验证 查询操作]
2021-09-24 16:51:39,389 G:\pycharm\script\UI_automated_testing\tools\logUtil.py DEBUG [test_account_management_inquire_005-- 06 账号管理--验证 查询操作]
2021-09-24 16:53:18,396 G:\pycharm\script\UI_automated_testing\tools\logUtil.py DEBUG [test_account_management_inquire_005-- 06 账号管理--验证 查询操作]
2021-09-24 16:57:17,737 G:\pycharm\script\UI_automated_testing\tools\logUtil.py DEBUG [test_account_management_inquire_005-- 06 账号管理--验证 查询操作]
2021-09-24 16:58:43,802 G:\pycharm\script\UI_automated_testing\tools\logUtil.py DEBUG [test_account_management_inquire_005-- 06 账号管理--验证 查询操作]
2021-09-24 17:05:11,601 G:\pycharm\script\UI_automated_testing\tools\logUtil.py DEBUG [test_account_management_inquire_005-- 06 账号管理--验证 查询操作]
2021-09-24 17:16:55,724 G:\pycharm\script\UI_automated_testing\tools\logUtil.py DEBUG [test_account_management_inquire_005-- 06 账号管理--验证 查询操作]
2021-09-24 17:31:55,399 G:\pycharm\script\UI_automated_testing\tools\logUtil.py DEBUG [test_account_management_inquire_005-- 06 账号管理--验证 查询操作]
2021-09-24 17:36:35,632 G:\pycharm\script\UI_automated_testing\tools\logUtil.py DEBUG [test_account_management_inquire_005-- 06 账号管理--验证 查询操作]
2021-09-24 17:40:58,963 G:\pycharm\script\UI_automated_testing\tools\logUtil.py DEBUG [test_account_management_inquire_005-- 06 账号管理--验证 查询操作]
2021-09-24 17:44:38,605 G:\pycharm\script\UI_automated_testing\tools\logUtil.py DEBUG [test_account_management_inquire_005-- 06 账号管理--验证 查询操作]
2021-09-24 17:48:55,166 G:\pycharm\script\UI_automated_testing\tools\logUtil.py DEBUG [test_account_management_inquire_005-- 06 账号管理--验证 查询操作]
2021-09-24 17:55:56,987 G:\pycharm\script\UI_automated_testing\tools\logUtil.py DEBUG [test_account_management_inquire_005-- 06 账号管理--验证 查询操作]
2021-09-24 17:56:58,731 G:\pycharm\script\UI_automated_testing\tools\logUtil.py DEBUG [test_account_management_inquire_005-- 06 账号管理--验证 查询操作]
2021-09-24 17:59:07,413 G:\pycharm\script\UI_automated_testing\tools\logUtil.py DEBUG [test_account_management_inquire_005-- 06 账号管理--验证 查询操作]
2021-09-24 18:00:20,009 G:\pycharm\script\UI_automated_testing\tools\logUtil.py DEBUG [test_account_management_inquire_005-- 06 账号管理--验证 查询操作]
2021-09-24 18:03:32,215 G:\pycharm\script\UI_automated_testing\tools\logUtil.py DEBUG [test_account_management_inquire_005-- 06 账号管理--验证 查询操作]
2021-09-24 18:10:47,570 G:\pycharm\script\UI_automated_testing\tools\logUtil.py DEBUG [test_account_management_inquire_005-- 06 账号管理--验证 查询操作]
2021-09-24 18:13:40,594 G:\pycharm\script\UI_automated_testing\tools\logUtil.py DEBUG [test_account_management_inquire_005-- 06 账号管理--验证 查询操作]
2021-09-24 18:18:44,146 G:\pycharm\script\UI_automated_testing\tools\logUtil.py DEBUG [test_account_management_inquire_005-- 06 账号管理--验证 查询操作]
