2021-09-13 10:18:41,060 G:\pycharm\script\UI_automated_testing\tools\logUtil.py DEBUG [test_account_management_inquire_005-- 06 账号管理-查询操作--验证 操作]
2021-09-13 10:28:58,332 G:\pycharm\script\UI_automated_testing\tools\logUtil.py DEBUG [test_account_management_inquire_005-- 06 账号管理-查询操作--验证 操作]
2021-09-13 10:31:50,357 G:\pycharm\script\UI_automated_testing\tools\logUtil.py DEBUG [test_account_management_inquire_005-- 06 账号管理-查询操作--验证 操作]
2021-09-13 10:33:39,756 G:\pycharm\script\UI_automated_testing\tools\logUtil.py DEBUG [test_account_management_inquire_005-- 06 账号管理-查询操作--验证 操作]
2021-09-13 11:05:42,239 G:\pycharm\script\UI_automated_testing\tools\logUtil.py DEBUG [test_account_management_inquire_005-- 06 账号管理-查询操作--验证 操作]
2021-09-13 11:07:50,754 G:\pycharm\script\UI_automated_testing\tools\logUtil.py DEBUG [test_account_management_inquire_005-- 06 账号管理-查询操作--验证 操作]
2021-09-13 11:16:04,455 G:\pycharm\script\UI_automated_testing\tools\logUtil.py DEBUG [test_account_management_inquire_005-- 06 账号管理-查询操作--验证 操作]
2021-09-13 11:17:58,818 G:\pycharm\script\UI_automated_testing\tools\logUtil.py DEBUG [test_account_management_inquire_005-- 06 账号管理-查询操作--验证 操作]
2021-09-13 11:21:12,389 G:\pycharm\script\UI_automated_testing\tools\logUtil.py DEBUG [test_account_management_inquire_005-- 06 账号管理-查询操作--验证 操作]
2021-09-13 14:12:54,177 G:\pycharm\script\UI_automated_testing\tools\logUtil.py DEBUG [test_account_management_inquire_005-- 06 账号管理-查询操作--验证 操作]
2021-09-13 14:21:01,959 G:\pycharm\script\UI_automated_testing\tools\logUtil.py DEBUG [test_account_management_inquire_005-- 06 账号管理-查询操作--验证 操作]
2021-09-13 14:31:46,044 G:\pycharm\script\UI_automated_testing\tools\logUtil.py DEBUG [test_account_management_inquire_005-- 06 账号管理-查询操作--验证 操作]
2021-09-13 14:35:07,939 G:\pycharm\script\UI_automated_testing\tools\logUtil.py DEBUG [test_account_management_inquire_005-- 06 账号管理-查询操作--验证 操作]
2021-09-13 14:36:53,708 G:\pycharm\script\UI_automated_testing\tools\logUtil.py DEBUG [test_account_management_inquire_005-- 06 账号管理-查询操作--验证 操作]
2021-09-13 14:38:47,365 G:\pycharm\script\UI_automated_testing\tools\logUtil.py DEBUG [test_account_management_inquire_005-- 06 账号管理-查询操作--验证 操作]
2021-09-13 14:53:26,605 G:\pycharm\script\UI_automated_testing\tools\logUtil.py DEBUG [test_account_management_inquire_005-- 06 账号管理-查询操作--验证 操作]
2021-09-13 14:57:26,544 G:\pycharm\script\UI_automated_testing\tools\logUtil.py DEBUG [test_account_management_inquire_005-- 06 账号管理-查询操作--验证 操作]
2021-09-13 15:07:46,371 G:\pycharm\script\UI_automated_testing\tools\logUtil.py DEBUG [test_account_management_inquire_005-- 06 账号管理-查询操作--验证 操作]
2021-09-13 15:18:31,744 G:\pycharm\script\UI_automated_testing\tools\logUtil.py DEBUG [test_account_management_inquire_005-- 06 账号管理-查询操作--验证 操作]
2021-09-13 15:21:05,861 G:\pycharm\script\UI_automated_testing\tools\logUtil.py DEBUG [test_account_management_inquire_005-- 06 账号管理-查询操作--验证 操作]
2021-09-13 15:22:41,725 G:\pycharm\script\UI_automated_testing\tools\logUtil.py DEBUG [test_account_management_inquire_005-- 06 账号管理-查询操作--验证 操作]
2021-09-13 15:25:40,421 G:\pycharm\script\UI_automated_testing\tools\logUtil.py DEBUG [test_account_management_inquire_005-- 06 账号管理-查询操作--验证 操作]
2021-09-13 15:31:35,237 G:\pycharm\script\UI_automated_testing\tools\logUtil.py DEBUG [test_account_management_inquire_005-- 06 账号管理-查询操作--验证 操作]
2021-09-13 15:33:39,397 G:\pycharm\script\UI_automated_testing\tools\logUtil.py DEBUG [test_account_management_inquire_005-- 06 账号管理-查询操作--验证 操作]
2021-09-13 15:37:36,718 G:\pycharm\script\UI_automated_testing\tools\logUtil.py DEBUG [test_account_management_inquire_005-- 06 账号管理-查询操作--验证 操作]
2021-09-13 15:39:05,965 G:\pycharm\script\UI_automated_testing\tools\logUtil.py DEBUG [test_account_management_inquire_005-- 06 账号管理-查询操作--验证 操作]
2021-09-13 15:42:59,699 G:\pycharm\script\UI_automated_testing\tools\logUtil.py DEBUG [test_account_management_inquire_005-- 06 账号管理-查询操作--验证 操作]
2021-09-13 15:45:41,167 G:\pycharm\script\UI_automated_testing\tools\logUtil.py DEBUG [test_account_management_inquire_005-- 06 账号管理-查询操作--验证 操作]
2021-09-13 15:48:55,296 G:\pycharm\script\UI_automated_testing\tools\logUtil.py DEBUG [test_account_management_inquire_005-- 06 账号管理-查询操作--验证 操作]
2021-09-13 15:55:57,399 G:\pycharm\script\UI_automated_testing\tools\logUtil.py DEBUG [test_account_management_inquire_005-- 06 账号管理-查询操作--验证 操作]
2021-09-13 15:57:25,832 G:\pycharm\script\UI_automated_testing\tools\logUtil.py DEBUG [test_account_management_inquire_005-- 06 账号管理-查询操作--验证 操作]
2021-09-13 16:07:03,137 G:\pycharm\script\UI_automated_testing\tools\logUtil.py DEBUG [test_account_management_inquire_005-- 06 账号管理-查询操作--验证 操作]
2021-09-13 16:08:35,702 G:\pycharm\script\UI_automated_testing\tools\logUtil.py DEBUG [test_account_management_inquire_005-- 06 账号管理-查询操作--验证 操作]
2021-09-13 16:10:52,680 G:\pycharm\script\UI_automated_testing\tools\logUtil.py DEBUG [test_account_management_inquire_005-- 06 账号管理-查询操作--验证 操作]
2021-09-13 16:11:58,894 G:\pycharm\script\UI_automated_testing\tools\logUtil.py DEBUG [test_account_management_inquire_005-- 06 账号管理-查询操作--验证 操作]
2021-09-13 16:26:16,653 G:\pycharm\script\UI_automated_testing\tools\logUtil.py DEBUG [test_account_management_inquire_005-- 06 账号管理-查询操作--验证 操作]
2021-09-13 16:33:04,728 G:\pycharm\script\UI_automated_testing\tools\logUtil.py DEBUG [test_account_management_inquire_005-- 06 账号管理-查询操作--验证 操作]
2021-09-13 16:34:44,112 G:\pycharm\script\UI_automated_testing\tools\logUtil.py DEBUG [test_account_management_inquire_005-- 06 账号管理-查询操作--验证 操作]
2021-09-13 16:35:52,084 G:\pycharm\script\UI_automated_testing\tools\logUtil.py DEBUG [test_account_management_inquire_005-- 06 账号管理-查询操作--验证 操作]
2021-09-13 16:38:41,774 G:\pycharm\script\UI_automated_testing\tools\logUtil.py DEBUG [test_account_management_inquire_005-- 06 账号管理-查询操作--验证 操作]
2021-09-13 16:42:40,928 G:\pycharm\script\UI_automated_testing\tools\logUtil.py DEBUG [test_account_management_inquire_005-- 06 账号管理-查询操作--验证 操作]
2021-09-13 16:48:08,360 G:\pycharm\script\UI_automated_testing\tools\logUtil.py DEBUG [test_account_management_inquire_005-- 06 账号管理-查询操作--验证 操作]
2021-09-13 16:52:50,734 G:\pycharm\script\UI_automated_testing\tools\logUtil.py DEBUG [test_overview_digital_001--01 首页-数字概览--验证 总已参训人数/总计划人数相关字段、总达标人数/总参训人数  是否计算正确]
2021-09-13 16:53:05,670 G:\pycharm\script\UI_automated_testing\tools\logUtil.py DEBUG [test_charts_002--01 首页-数字概览--验证 参训/达标走势图  是否正确返回]
2021-09-13 16:53:41,188 G:\pycharm\script\UI_automated_testing\tools\logUtil.py DEBUG [test_kinds_standards_003--01 首页-数字概览--验证 各类达标情况  是否正确返回]
2021-09-13 16:53:56,037 G:\pycharm\script\UI_automated_testing\tools\logUtil.py DEBUG [test_student_details_003--02 首页-学员详情--验证 查询功能]
2021-09-13 16:54:57,422 G:\pycharm\script\UI_automated_testing\tools\logUtil.py DEBUG [test_company_data_003--03 首页-公司数据--验证 公司数据]
2021-09-13 16:55:13,074 G:\pycharm\script\UI_automated_testing\tools\logUtil.py DEBUG [test_tabulate_data_003--03 首页-公司数据--验证 汇总数据]
2021-09-13 16:55:27,333 G:\pycharm\script\UI_automated_testing\tools\logUtil.py DEBUG [test_tabulate_data_003--04 培训计划报送--验证 查询操作]
2021-09-13 16:57:05,769 G:\pycharm\script\UI_automated_testing\tools\logUtil.py DEBUG [test_query_inquire_005-- 05 培训记录查询--验证 操作]
2021-09-13 16:57:49,678 G:\pycharm\script\UI_automated_testing\tools\logUtil.py DEBUG [test_inquire_003-- 05 培训学分--验证 查询操作]
2021-09-13 16:58:54,429 G:\pycharm\script\UI_automated_testing\tools\logUtil.py DEBUG [test_operation_005-- 05 培训学分--验证 操作]
2021-09-13 16:59:54,789 G:\pycharm\script\UI_automated_testing\tools\logUtil.py DEBUG [test_record_statistical_query_inquire_005-- 05 培训记录统计查询--验证 操作]
2021-09-13 17:00:57,631 G:\pycharm\script\UI_automated_testing\tools\logUtil.py DEBUG [test_account_management_inquire_005-- 06 账号管理-查询操作--验证 操作]
2021-09-13 19:27:15,476 G:\pycharm\script\UI_automated_testing\tools\logUtil.py DEBUG [test_overview_digital_001--01 首页-数字概览--验证 总已参训人数/总计划人数相关字段、总达标人数/总参训人数  是否计算正确]
