2021-09-07 16:30:41,701 G:\pycharm\script\UI_automated_testing\tools\logUtil.py DEBUG [test_overview_digital_001--01 首页-数字概览--验证 总已参训人数/总计划人数相关字段、总达标人数/总参训人数  是否计算正确]
2021-09-07 16:30:53,787 G:\pycharm\script\UI_automated_testing\tools\logUtil.py DEBUG [test_charts_002--01 首页-数字概览--验证 参训/达标走势图  是否正确返回]
2021-09-07 16:31:26,928 G:\pycharm\script\UI_automated_testing\tools\logUtil.py DEBUG [test_kinds_standards_003--01 首页-数字概览--验证 各类达标情况  是否正确返回]
2021-09-07 16:31:38,414 G:\pycharm\script\UI_automated_testing\tools\logUtil.py DEBUG [test_student_details_003--02 首页-学员详情--验证 查询功能]
2021-09-07 16:32:44,989 G:\pycharm\script\UI_automated_testing\tools\logUtil.py DEBUG [test_company_data_003--03 首页-公司数据--验证 公司数据]
2021-09-07 16:33:10,050 G:\pycharm\script\UI_automated_testing\tools\logUtil.py DEBUG [test_tabulate_data_003--03 首页-公司数据--验证 汇总数据]
2021-09-07 16:33:19,834 G:\pycharm\script\UI_automated_testing\tools\logUtil.py DEBUG [test_tabulate_data_003--04 培训计划报送--验证 查询操作]
2021-09-07 16:35:01,124 G:\pycharm\script\UI_automated_testing\tools\logUtil.py DEBUG [test_inquire_003-- 05 培训学分--验证 查询操作]
2021-09-07 16:37:39,262 G:\pycharm\script\UI_automated_testing\tools\logUtil.py DEBUG [test_query_inquire_005-- 05 培训记录查询--验证 操作]
2021-09-07 16:39:37,398 G:\pycharm\script\UI_automated_testing\tools\logUtil.py DEBUG [test_record_statistical_query_inquire_005-- 05 培训记录统计查询--验证 操作]
2021-09-07 16:41:18,565 G:\pycharm\script\UI_automated_testing\tools\logUtil.py DEBUG [test_operation_005-- 05 培训学分--验证 操作]
2021-09-07 18:56:05,303 G:\pycharm\script\UI_automated_testing\tools\logUtil.py DEBUG [test_overview_digital_001--01 首页-数字概览--验证 总已参训人数/总计划人数相关字段、总达标人数/总参训人数  是否计算正确]
2021-09-07 18:56:14,715 G:\pycharm\script\UI_automated_testing\tools\logUtil.py DEBUG [test_charts_002--01 首页-数字概览--验证 参训/达标走势图  是否正确返回]
2021-09-07 18:56:44,545 G:\pycharm\script\UI_automated_testing\tools\logUtil.py DEBUG [test_kinds_standards_003--01 首页-数字概览--验证 各类达标情况  是否正确返回]
2021-09-07 18:56:53,945 G:\pycharm\script\UI_automated_testing\tools\logUtil.py DEBUG [test_student_details_003--02 首页-学员详情--验证 查询功能]
2021-09-07 18:57:46,980 G:\pycharm\script\UI_automated_testing\tools\logUtil.py DEBUG [test_company_data_003--03 首页-公司数据--验证 公司数据]
2021-09-07 18:58:08,692 G:\pycharm\script\UI_automated_testing\tools\logUtil.py DEBUG [test_tabulate_data_003--03 首页-公司数据--验证 汇总数据]
2021-09-07 18:58:25,575 G:\pycharm\script\UI_automated_testing\tools\logUtil.py DEBUG [test_tabulate_data_003--04 培训计划报送--验证 查询操作]
2021-09-07 19:00:09,860 G:\pycharm\script\UI_automated_testing\tools\logUtil.py DEBUG [test_inquire_003-- 05 培训学分--验证 查询操作]
2021-09-07 19:02:32,660 G:\pycharm\script\UI_automated_testing\tools\logUtil.py DEBUG [test_query_inquire_005-- 05 培训记录查询--验证 操作]
2021-09-07 19:04:23,257 G:\pycharm\script\UI_automated_testing\tools\logUtil.py DEBUG [test_record_statistical_query_inquire_005-- 05 培训记录统计查询--验证 操作]
2021-09-07 19:05:58,062 G:\pycharm\script\UI_automated_testing\tools\logUtil.py DEBUG [test_operation_005-- 05 培训学分--验证 操作]
