2021-08-25 09:13:33,047 G:\pycharm\script\UI_automated_testing\tools\logUtil.py DEBUG [test_overview_digital_001--首页-数字概览--验证 总已参训人数/总计划人数相关字段、总达标人数/总参训人数  是否计算正确]
2021-08-25 09:13:42,496 G:\pycharm\script\UI_automated_testing\tools\logUtil.py DEBUG [test_charts_002--首页-数字概览--验证 参训/达标走势图  是否正确返回]
2021-08-25 09:14:11,970 G:\pycharm\script\UI_automated_testing\tools\logUtil.py DEBUG [test_kinds_standards_003--首页-数字概览--验证 各类达标情况  是否正确返回]
2021-08-25 09:14:20,817 G:\pycharm\script\UI_automated_testing\tools\logUtil.py DEBUG [test_student_details_003--首页-学员详情--验证 查询功能]
2021-08-25 09:15:12,853 G:\pycharm\script\UI_automated_testing\tools\logUtil.py DEBUG [test_company_data_003--首页-公司数据--验证 公司数据]
2021-08-25 09:15:33,851 G:\pycharm\script\UI_automated_testing\tools\logUtil.py DEBUG [test_tabulate_data_003--首页-公司数据--验证 汇总数据]
2021-08-25 09:15:41,946 G:\pycharm\script\UI_automated_testing\tools\logUtil.py DEBUG [test_tabulate_data_003--培训计划报送--验证 查询操作]
2021-08-25 09:17:13,776 G:\pycharm\script\UI_automated_testing\tools\logUtil.py DEBUG [test_inquire_003--培训学分--验证 查询操作]
2021-08-25 09:20:09,093 G:\pycharm\script\UI_automated_testing\tools\logUtil.py DEBUG [test_overview_digital_001--首页-数字概览--验证 总已参训人数/总计划人数相关字段、总达标人数/总参训人数  是否计算正确]
2021-08-25 09:20:17,591 G:\pycharm\script\UI_automated_testing\tools\logUtil.py DEBUG [test_charts_002--首页-数字概览--验证 参训/达标走势图  是否正确返回]
2021-08-25 09:20:46,754 G:\pycharm\script\UI_automated_testing\tools\logUtil.py DEBUG [test_kinds_standards_003--首页-数字概览--验证 各类达标情况  是否正确返回]
2021-08-25 09:20:55,347 G:\pycharm\script\UI_automated_testing\tools\logUtil.py DEBUG [test_student_details_003--首页-学员详情--验证 查询功能]
2021-08-25 09:21:49,641 G:\pycharm\script\UI_automated_testing\tools\logUtil.py DEBUG [test_company_data_003--首页-公司数据--验证 公司数据]
2021-08-25 09:22:11,260 G:\pycharm\script\UI_automated_testing\tools\logUtil.py DEBUG [test_tabulate_data_003--首页-公司数据--验证 汇总数据]
2021-08-25 09:22:19,300 G:\pycharm\script\UI_automated_testing\tools\logUtil.py DEBUG [test_tabulate_data_003--培训计划报送--验证 查询操作]
2021-08-25 09:23:51,463 G:\pycharm\script\UI_automated_testing\tools\logUtil.py DEBUG [test_inquire_003--培训学分--验证 查询操作]
2021-08-25 19:30:40,760 G:\pycharm\script\UI_automated_testing\tools\logUtil.py DEBUG [test_overview_digital_001--01 首页-数字概览--验证 总已参训人数/总计划人数相关字段、总达标人数/总参训人数  是否计算正确]
2021-08-25 19:30:49,371 G:\pycharm\script\UI_automated_testing\tools\logUtil.py DEBUG [test_charts_002--01 首页-数字概览--验证 参训/达标走势图  是否正确返回]
2021-08-25 19:33:42,108 G:\pycharm\script\UI_automated_testing\tools\logUtil.py DEBUG [test_overview_digital_001--01 首页-数字概览--验证 总已参训人数/总计划人数相关字段、总达标人数/总参训人数  是否计算正确]
2021-08-25 19:33:50,649 G:\pycharm\script\UI_automated_testing\tools\logUtil.py DEBUG [test_charts_002--01 首页-数字概览--验证 参训/达标走势图  是否正确返回]
2021-08-25 19:34:19,587 G:\pycharm\script\UI_automated_testing\tools\logUtil.py DEBUG [test_kinds_standards_003--01 首页-数字概览--验证 各类达标情况  是否正确返回]
2021-08-25 19:34:28,103 G:\pycharm\script\UI_automated_testing\tools\logUtil.py DEBUG [test_student_details_003--02 首页-学员详情--验证 查询功能]
2021-08-25 19:35:22,145 G:\pycharm\script\UI_automated_testing\tools\logUtil.py DEBUG [test_company_data_003--03 首页-公司数据--验证 公司数据]
2021-08-25 19:35:43,641 G:\pycharm\script\UI_automated_testing\tools\logUtil.py DEBUG [test_tabulate_data_003--03 首页-公司数据--验证 汇总数据]
2021-08-25 19:35:51,574 G:\pycharm\script\UI_automated_testing\tools\logUtil.py DEBUG [test_tabulate_data_003--04 培训计划报送--验证 查询操作]
2021-08-25 19:37:23,127 G:\pycharm\script\UI_automated_testing\tools\logUtil.py DEBUG [test_inquire_003-- 05 培训学分--验证 查询操作]
2021-08-25 19:46:22,884 G:\pycharm\script\UI_automated_testing\tools\logUtil.py DEBUG [test_overview_digital_001--01 首页-数字概览--验证 总已参训人数/总计划人数相关字段、总达标人数/总参训人数  是否计算正确]
2021-08-25 19:46:31,528 G:\pycharm\script\UI_automated_testing\tools\logUtil.py DEBUG [test_charts_002--01 首页-数字概览--验证 参训/达标走势图  是否正确返回]
2021-08-25 19:47:00,546 G:\pycharm\script\UI_automated_testing\tools\logUtil.py DEBUG [test_kinds_standards_003--01 首页-数字概览--验证 各类达标情况  是否正确返回]
2021-08-25 19:47:09,036 G:\pycharm\script\UI_automated_testing\tools\logUtil.py DEBUG [test_student_details_003--02 首页-学员详情--验证 查询功能]
2021-08-25 19:48:03,158 G:\pycharm\script\UI_automated_testing\tools\logUtil.py DEBUG [test_company_data_003--03 首页-公司数据--验证 公司数据]
2021-08-25 19:48:24,600 G:\pycharm\script\UI_automated_testing\tools\logUtil.py DEBUG [test_tabulate_data_003--03 首页-公司数据--验证 汇总数据]
2021-08-25 19:48:32,593 G:\pycharm\script\UI_automated_testing\tools\logUtil.py DEBUG [test_tabulate_data_003--04 培训计划报送--验证 查询操作]
