2021-09-14 10:27:18,678 G:\pycharm\script\UI_automated_testing\tools\logUtil.py DEBUG [test_overview_digital_001--01 首页-数字概览--验证 总已参训人数/总计划人数相关字段、总达标人数/总参训人数  是否计算正确]
2021-09-14 10:40:14,062 G:\pycharm\script\UI_automated_testing\tools\logUtil.py DEBUG [test_overview_digital_001--01 首页-数字概览--验证 总已参训人数/总计划人数相关字段、总达标人数/总参训人数  是否计算正确]
2021-09-14 10:40:28,918 G:\pycharm\script\UI_automated_testing\tools\logUtil.py DEBUG [test_charts_002--01 首页-数字概览--验证 参训/达标走势图  是否正确返回]
2021-09-14 10:41:04,405 G:\pycharm\script\UI_automated_testing\tools\logUtil.py DEBUG [test_kinds_standards_003--01 首页-数字概览--验证 各类达标情况  是否正确返回]
2021-09-14 10:41:19,129 G:\pycharm\script\UI_automated_testing\tools\logUtil.py DEBUG [test_student_details_003--02 首页-学员详情--验证 查询功能]
2021-09-14 10:42:20,194 G:\pycharm\script\UI_automated_testing\tools\logUtil.py DEBUG [test_company_data_003--03 首页-公司数据--验证 公司数据]
2021-09-14 10:42:35,864 G:\pycharm\script\UI_automated_testing\tools\logUtil.py DEBUG [test_tabulate_data_003--03 首页-公司数据--验证 汇总数据]
2021-09-14 10:42:50,132 G:\pycharm\script\UI_automated_testing\tools\logUtil.py DEBUG [test_tabulate_data_003--04 培训计划报送--验证 查询操作]
2021-09-14 10:44:28,519 G:\pycharm\script\UI_automated_testing\tools\logUtil.py DEBUG [test_query_inquire_005-- 05 培训记录查询--验证 操作]
2021-09-14 10:45:11,407 G:\pycharm\script\UI_automated_testing\tools\logUtil.py DEBUG [test_inquire_003-- 05 培训学分--验证 查询操作]
2021-09-14 10:47:54,081 G:\pycharm\script\UI_automated_testing\tools\logUtil.py DEBUG [test_operation_005-- 05 培训学分--验证 操作]
2021-09-14 10:48:53,683 G:\pycharm\script\UI_automated_testing\tools\logUtil.py DEBUG [test_record_statistical_query_inquire_005-- 05 培训记录统计查询--验证 操作]
2021-09-14 10:49:56,445 G:\pycharm\script\UI_automated_testing\tools\logUtil.py DEBUG [test_account_management_inquire_005-- 06 账号管理-查询操作--验证 操作]
2021-09-14 11:15:20,617 G:\pycharm\script\UI_automated_testing\tools\logUtil.py DEBUG [test_company_data_003--03 首页-公司数据--验证 公司数据]
2021-09-14 11:17:56,685 G:\pycharm\script\UI_automated_testing\tools\logUtil.py DEBUG [test_company_data_003--03 首页-公司数据--验证 公司数据]
2021-09-14 11:21:12,796 G:\pycharm\script\UI_automated_testing\tools\logUtil.py DEBUG [test_inquire_003-- 05 培训学分--验证 查询操作]
2021-09-14 11:25:38,079 G:\pycharm\script\UI_automated_testing\tools\logUtil.py DEBUG [test_inquire_003-- 05 培训学分--验证 查询操作]
2021-09-14 11:33:20,586 G:\pycharm\script\UI_automated_testing\tools\logUtil.py DEBUG [test_inquire_003-- 05 培训学分--验证 查询操作]
2021-09-14 11:38:03,763 G:\pycharm\script\UI_automated_testing\tools\logUtil.py DEBUG [test_query_inquire_005-- 05 培训记录查询--验证 操作]
2021-09-14 11:40:07,274 G:\pycharm\script\UI_automated_testing\tools\logUtil.py DEBUG [test_query_inquire_005-- 05 培训记录查询--验证 操作]
2021-09-14 11:45:56,499 G:\pycharm\script\UI_automated_testing\tools\logUtil.py DEBUG [test_query_inquire_005-- 05 培训记录查询--验证 操作]
2021-09-14 11:48:02,356 G:\pycharm\script\UI_automated_testing\tools\logUtil.py DEBUG [test_query_inquire_005-- 05 培训记录查询--验证 操作]
2021-09-14 13:29:00,437 G:\pycharm\script\UI_automated_testing\tools\logUtil.py DEBUG [test_query_inquire_005-- 05 培训记录查询--验证 操作]
2021-09-14 13:31:38,289 G:\pycharm\script\UI_automated_testing\tools\logUtil.py DEBUG [test_query_inquire_005-- 05 培训记录查询--验证 操作]
2021-09-14 13:37:54,707 G:\pycharm\script\UI_automated_testing\tools\logUtil.py DEBUG [test_query_inquire_005-- 05 培训记录查询--验证 操作]
2021-09-14 13:39:36,368 G:\pycharm\script\UI_automated_testing\tools\logUtil.py DEBUG [test_query_inquire_005-- 05 培训记录查询--验证 操作]
2021-09-14 13:42:40,950 G:\pycharm\script\UI_automated_testing\tools\logUtil.py DEBUG [test_query_inquire_005-- 05 培训记录查询--验证 操作]
2021-09-14 13:52:53,979 G:\pycharm\script\UI_automated_testing\tools\logUtil.py DEBUG [test_query_inquire_005-- 05 培训记录查询--验证 操作]
2021-09-14 13:54:50,647 G:\pycharm\script\UI_automated_testing\tools\logUtil.py DEBUG [test_record_statistical_query_inquire_005-- 05 培训记录统计查询--验证 操作]
2021-09-14 13:58:05,873 G:\pycharm\script\UI_automated_testing\tools\logUtil.py DEBUG [test_record_statistical_query_inquire_005-- 05 培训记录统计查询--验证 操作]
2021-09-14 13:59:59,271 G:\pycharm\script\UI_automated_testing\tools\logUtil.py DEBUG [test_record_statistical_query_inquire_005-- 05 培训记录统计查询--验证 操作]
2021-09-14 14:01:01,162 G:\pycharm\script\UI_automated_testing\tools\logUtil.py DEBUG [test_record_statistical_query_inquire_005-- 05 培训记录统计查询--验证 操作]
2021-09-14 14:02:16,373 G:\pycharm\script\UI_automated_testing\tools\logUtil.py DEBUG [test_record_statistical_query_inquire_005-- 05 培训记录统计查询--验证 操作]
2021-09-14 14:04:01,636 G:\pycharm\script\UI_automated_testing\tools\logUtil.py DEBUG [test_record_statistical_query_inquire_005-- 05 培训记录统计查询--验证 操作]
2021-09-14 14:05:12,738 G:\pycharm\script\UI_automated_testing\tools\logUtil.py DEBUG [test_record_statistical_query_inquire_005-- 05 培训记录统计查询--验证 操作]
2021-09-14 14:08:32,909 G:\pycharm\script\UI_automated_testing\tools\logUtil.py DEBUG [test_record_statistical_query_inquire_005-- 05 培训记录统计查询--验证 操作]
2021-09-14 14:12:05,049 G:\pycharm\script\UI_automated_testing\tools\logUtil.py DEBUG [test_record_statistical_query_inquire_005-- 05 培训记录统计查询--验证 操作]
2021-09-14 14:58:17,104 G:\pycharm\script\UI_automated_testing\tools\logUtil.py DEBUG [test_account_management_inquire_005-- 06 账号管理--验证 查询操作]
2021-09-14 15:03:52,535 G:\pycharm\script\UI_automated_testing\tools\logUtil.py DEBUG [test_account_management_inquire_005-- 06 账号管理--验证 查询操作]
2021-09-14 15:06:00,330 G:\pycharm\script\UI_automated_testing\tools\logUtil.py DEBUG [test_account_management_inquire_005-- 06 账号管理--验证 查询操作]
2021-09-14 17:10:43,693 G:\pycharm\script\UI_automated_testing\tools\logUtil.py DEBUG [test_record_statistical_query_inquire_005-- 05 培训记录统计--验证 操作]
2021-09-14 17:14:22,737 G:\pycharm\script\UI_automated_testing\tools\logUtil.py DEBUG [test_account_management_inquire_005-- 06 账号管理--验证 查询操作]
2021-09-14 17:17:16,005 G:\pycharm\script\UI_automated_testing\tools\logUtil.py DEBUG [test_account_management_inquire_005-- 06 账号管理--验证 查询操作]
2021-09-14 17:19:50,448 G:\pycharm\script\UI_automated_testing\tools\logUtil.py DEBUG [test_account_management_inquire_005-- 06 账号管理--验证 查询操作]
2021-09-14 17:22:29,934 G:\pycharm\script\UI_automated_testing\tools\logUtil.py DEBUG [test_account_management_inquire_005-- 06 账号管理--验证 查询操作]
2021-09-14 17:24:08,092 G:\pycharm\script\UI_automated_testing\tools\logUtil.py DEBUG [test_account_management_inquire_005-- 06 账号管理--验证 查询操作]
2021-09-14 17:25:43,947 G:\pycharm\script\UI_automated_testing\tools\logUtil.py DEBUG [test_account_management_inquire_005-- 06 账号管理--验证 查询操作]
2021-09-14 17:27:45,537 G:\pycharm\script\UI_automated_testing\tools\logUtil.py DEBUG [test_account_management_inquire_005-- 06 账号管理--验证 查询操作]
2021-09-14 17:30:57,914 G:\pycharm\script\UI_automated_testing\tools\logUtil.py DEBUG [test_account_management_inquire_005-- 06 账号管理--验证 查询操作]
2021-09-14 17:32:45,852 G:\pycharm\script\UI_automated_testing\tools\logUtil.py DEBUG [test_account_management_inquire_005-- 06 账号管理--验证 查询操作]
2021-09-14 17:34:05,810 G:\pycharm\script\UI_automated_testing\tools\logUtil.py DEBUG [test_account_management_inquire_005-- 06 账号管理--验证 查询操作]
2021-09-14 17:36:36,173 G:\pycharm\script\UI_automated_testing\tools\logUtil.py DEBUG [test_account_management_inquire_005-- 06 账号管理--验证 查询操作]
2021-09-14 17:45:10,950 G:\pycharm\script\UI_automated_testing\tools\logUtil.py DEBUG [test_overview_digital_001--01 首页-数字概览--验证 总已参训人数/总计划人数相关字段、总达标人数/总参训人数  是否计算正确]
2021-09-14 17:45:34,198 G:\pycharm\script\UI_automated_testing\tools\logUtil.py DEBUG [test_charts_002--01 首页-数字概览--验证 参训/达标走势图  是否正确返回]
2021-09-14 17:46:09,783 G:\pycharm\script\UI_automated_testing\tools\logUtil.py DEBUG [test_kinds_standards_003--01 首页-数字概览--验证 各类达标情况  是否正确返回]
2021-09-14 17:46:29,898 G:\pycharm\script\UI_automated_testing\tools\logUtil.py DEBUG [test_student_details_003--02 首页-学员详情--验证 查询功能]
2021-09-14 17:47:34,073 G:\pycharm\script\UI_automated_testing\tools\logUtil.py DEBUG [test_company_data_003--03 首页-公司数据--验证 公司数据]
2021-09-14 17:47:49,802 G:\pycharm\script\UI_automated_testing\tools\logUtil.py DEBUG [test_tabulate_data_003--03 首页-公司数据--验证 汇总数据]
2021-09-14 17:48:05,086 G:\pycharm\script\UI_automated_testing\tools\logUtil.py DEBUG [test_tabulate_data_003--04 培训计划报送--验证 查询操作]
2021-09-14 17:49:43,839 G:\pycharm\script\UI_automated_testing\tools\logUtil.py DEBUG [test_query_inquire_005-- 05 培训记录查询--验证 操作]
2021-09-14 17:50:32,741 G:\pycharm\script\UI_automated_testing\tools\logUtil.py DEBUG [test_inquire_003-- 05 培训学分查询--验证 查询操作]
2021-09-14 17:53:07,181 G:\pycharm\script\UI_automated_testing\tools\logUtil.py DEBUG [test_operation_005-- 05 培训学分查询--验证 操作]
2021-09-14 17:54:06,945 G:\pycharm\script\UI_automated_testing\tools\logUtil.py DEBUG [test_record_statistical_query_inquire_005-- 05 培训记录统计--验证 操作]
2021-09-14 17:54:39,965 G:\pycharm\script\UI_automated_testing\tools\logUtil.py DEBUG [test_account_management_inquire_005-- 06 账号管理--验证 查询操作]
2021-09-14 18:09:55,558 G:\pycharm\script\UI_automated_testing\tools\logUtil.py DEBUG [test_record_statistical_query_inquire_005-- 05 培训记录统计--验证 操作]
2021-09-14 18:10:28,413 G:\pycharm\script\UI_automated_testing\tools\logUtil.py DEBUG [test_account_management_inquire_005-- 06 账号管理--验证 查询操作]
2021-09-14 18:12:07,228 G:\pycharm\script\UI_automated_testing\tools\logUtil.py DEBUG [test_record_statistical_query_inquire_005-- 05 培训记录统计--验证 操作]
2021-09-14 18:14:25,847 G:\pycharm\script\UI_automated_testing\tools\logUtil.py DEBUG [test_company_data_003--03 首页-公司数据--验证 公司数据]
