2021-08-30 09:41:40,094 G:\pycharm\script\UI_automated_testing\tools\logUtil.py DEBUG [test_overview_digital_001--01 首页-数字概览--验证 总已参训人数/总计划人数相关字段、总达标人数/总参训人数  是否计算正确]
2021-08-30 09:41:48,909 G:\pycharm\script\UI_automated_testing\tools\logUtil.py DEBUG [test_charts_002--01 首页-数字概览--验证 参训/达标走势图  是否正确返回]
2021-08-30 09:42:18,843 G:\pycharm\script\UI_automated_testing\tools\logUtil.py DEBUG [test_kinds_standards_003--01 首页-数字概览--验证 各类达标情况  是否正确返回]
2021-08-30 09:42:27,424 G:\pycharm\script\UI_automated_testing\tools\logUtil.py DEBUG [test_student_details_003--02 首页-学员详情--验证 查询功能]
2021-08-30 09:44:05,546 G:\pycharm\script\UI_automated_testing\tools\logUtil.py DEBUG [test_overview_digital_001--01 首页-数字概览--验证 总已参训人数/总计划人数相关字段、总达标人数/总参训人数  是否计算正确]
2021-08-30 09:44:11,271 G:\pycharm\script\UI_automated_testing\tools\logUtil.py DEBUG [test_charts_002--01 首页-数字概览--验证 参训/达标走势图  是否正确返回]
2021-08-30 09:44:16,955 G:\pycharm\script\UI_automated_testing\tools\logUtil.py DEBUG [test_kinds_standards_003--01 首页-数字概览--验证 各类达标情况  是否正确返回]
2021-08-30 09:44:56,494 G:\pycharm\script\UI_automated_testing\tools\logUtil.py DEBUG [test_overview_digital_001--01 首页-数字概览--验证 总已参训人数/总计划人数相关字段、总达标人数/总参训人数  是否计算正确]
2021-08-30 09:45:05,323 G:\pycharm\script\UI_automated_testing\tools\logUtil.py DEBUG [test_charts_002--01 首页-数字概览--验证 参训/达标走势图  是否正确返回]
2021-08-30 09:45:34,636 G:\pycharm\script\UI_automated_testing\tools\logUtil.py DEBUG [test_kinds_standards_003--01 首页-数字概览--验证 各类达标情况  是否正确返回]
2021-08-30 09:45:43,411 G:\pycharm\script\UI_automated_testing\tools\logUtil.py DEBUG [test_student_details_003--02 首页-学员详情--验证 查询功能]
2021-08-30 09:46:38,575 G:\pycharm\script\UI_automated_testing\tools\logUtil.py DEBUG [test_company_data_003--03 首页-公司数据--验证 公司数据]
2021-08-30 09:47:00,266 G:\pycharm\script\UI_automated_testing\tools\logUtil.py DEBUG [test_tabulate_data_003--03 首页-公司数据--验证 汇总数据]
2021-08-30 09:47:08,254 G:\pycharm\script\UI_automated_testing\tools\logUtil.py DEBUG [test_tabulate_data_003--04 培训计划报送--验证 查询操作]
2021-08-30 09:48:39,912 G:\pycharm\script\UI_automated_testing\tools\logUtil.py DEBUG [test_operation_005-- 05 培训学分--验证 操作]
2021-08-30 10:37:04,715 G:\pycharm\script\UI_automated_testing\tools\logUtil.py DEBUG [test_query_inquire_005-- 05 培训记录查询--验证 操作]
2021-08-30 15:29:34,417 G:\pycharm\script\UI_automated_testing\tools\logUtil.py DEBUG [test_query_inquire_005-- 05 培训记录查询--验证 操作]
2021-08-30 15:30:23,607 G:\pycharm\script\UI_automated_testing\tools\logUtil.py DEBUG [test_query_inquire_005-- 05 培训记录查询--验证 操作]
2021-08-30 15:32:34,981 G:\pycharm\script\UI_automated_testing\tools\logUtil.py DEBUG [test_query_inquire_005-- 05 培训记录查询--验证 操作]
2021-08-30 15:37:34,230 G:\pycharm\script\UI_automated_testing\tools\logUtil.py DEBUG [test_query_inquire_005-- 05 培训记录查询--验证 操作]
2021-08-30 15:39:14,673 G:\pycharm\script\UI_automated_testing\tools\logUtil.py DEBUG [test_query_inquire_005-- 05 培训记录查询--验证 操作]
2021-08-30 15:41:41,676 G:\pycharm\script\UI_automated_testing\tools\logUtil.py DEBUG [test_query_inquire_005-- 05 培训记录查询--验证 操作]
2021-08-30 15:43:25,306 G:\pycharm\script\UI_automated_testing\tools\logUtil.py DEBUG [test_query_inquire_005-- 05 培训记录查询--验证 操作]
2021-08-30 15:59:22,613 G:\pycharm\script\UI_automated_testing\tools\logUtil.py DEBUG [test_query_inquire_005-- 05 培训记录查询--验证 操作]
2021-08-30 16:07:35,546 G:\pycharm\script\UI_automated_testing\tools\logUtil.py DEBUG [test_query_inquire_005-- 05 培训记录查询--验证 操作]
2021-08-30 16:08:51,812 G:\pycharm\script\UI_automated_testing\tools\logUtil.py DEBUG [test_query_inquire_005-- 05 培训记录查询--验证 操作]
2021-08-30 16:18:04,024 G:\pycharm\script\UI_automated_testing\tools\logUtil.py DEBUG [test_query_inquire_005-- 05 培训记录查询--验证 操作]
2021-08-30 16:23:56,060 G:\pycharm\script\UI_automated_testing\tools\logUtil.py DEBUG [test_query_inquire_005-- 05 培训记录查询--验证 操作]
2021-08-30 16:25:16,674 G:\pycharm\script\UI_automated_testing\tools\logUtil.py DEBUG [test_query_inquire_005-- 05 培训记录查询--验证 操作]
2021-08-30 16:29:43,675 G:\pycharm\script\UI_automated_testing\tools\logUtil.py DEBUG [test_query_inquire_005-- 05 培训记录查询--验证 操作]
2021-08-30 16:34:40,649 G:\pycharm\script\UI_automated_testing\tools\logUtil.py DEBUG [test_query_inquire_005-- 05 培训记录查询--验证 操作]
2021-08-30 16:36:05,557 G:\pycharm\script\UI_automated_testing\tools\logUtil.py DEBUG [test_inquire_003-- 05 培训学分--验证 查询操作]
2021-08-30 16:38:18,330 G:\pycharm\script\UI_automated_testing\tools\logUtil.py DEBUG [test_query_inquire_005-- 05 培训记录查询--验证 操作]
2021-08-30 16:40:42,126 G:\pycharm\script\UI_automated_testing\tools\logUtil.py DEBUG [test_query_inquire_005-- 05 培训记录查询--验证 操作]
2021-08-30 16:42:23,304 G:\pycharm\script\UI_automated_testing\tools\logUtil.py DEBUG [test_query_inquire_005-- 05 培训记录查询--验证 操作]
2021-08-30 16:44:13,703 G:\pycharm\script\UI_automated_testing\tools\logUtil.py DEBUG [test_query_inquire_005-- 05 培训记录查询--验证 操作]
2021-08-30 16:45:21,111 G:\pycharm\script\UI_automated_testing\tools\logUtil.py DEBUG [test_query_inquire_005-- 05 培训记录查询--验证 操作]
2021-08-30 16:47:25,068 G:\pycharm\script\UI_automated_testing\tools\logUtil.py DEBUG [test_query_inquire_005-- 05 培训记录查询--验证 操作]
2021-08-30 16:48:38,389 G:\pycharm\script\UI_automated_testing\tools\logUtil.py DEBUG [test_query_inquire_005-- 05 培训记录查询--验证 操作]
2021-08-30 16:50:55,972 G:\pycharm\script\UI_automated_testing\tools\logUtil.py DEBUG [test_query_inquire_005-- 05 培训记录查询--验证 操作]
2021-08-30 16:52:22,681 G:\pycharm\script\UI_automated_testing\tools\logUtil.py DEBUG [test_query_inquire_005-- 05 培训记录查询--验证 操作]
2021-08-30 16:54:41,926 G:\pycharm\script\UI_automated_testing\tools\logUtil.py DEBUG [test_query_inquire_005-- 05 培训记录查询--验证 操作]
2021-08-30 16:56:35,336 G:\pycharm\script\UI_automated_testing\tools\logUtil.py DEBUG [test_query_inquire_005-- 05 培训记录查询--验证 操作]
2021-08-30 16:58:05,956 G:\pycharm\script\UI_automated_testing\tools\logUtil.py DEBUG [test_query_inquire_005-- 05 培训记录查询--验证 操作]
2021-08-30 17:03:24,382 G:\pycharm\script\UI_automated_testing\tools\logUtil.py DEBUG [test_query_inquire_005-- 05 培训记录查询--验证 操作]
2021-08-30 17:06:17,116 G:\pycharm\script\UI_automated_testing\tools\logUtil.py DEBUG [test_query_inquire_005-- 05 培训记录查询--验证 操作]
