2021-09-08 22:51:07,108 G:\pycharm\script\UI_automated_testing\tools\logUtil.py DEBUG [test_overview_digital_001--01 首页-数字概览--验证 总已参训人数/总计划人数相关字段、总达标人数/总参训人数  是否计算正确]
2021-09-08 22:51:22,020 G:\pycharm\script\UI_automated_testing\tools\logUtil.py DEBUG [test_charts_002--01 首页-数字概览--验证 参训/达标走势图  是否正确返回]
2021-09-08 22:51:57,394 G:\pycharm\script\UI_automated_testing\tools\logUtil.py DEBUG [test_kinds_standards_003--01 首页-数字概览--验证 各类达标情况  是否正确返回]
2021-09-08 22:52:12,483 G:\pycharm\script\UI_automated_testing\tools\logUtil.py DEBUG [test_student_details_003--02 首页-学员详情--验证 查询功能]
2021-09-08 22:53:12,949 G:\pycharm\script\UI_automated_testing\tools\logUtil.py DEBUG [test_company_data_003--03 首页-公司数据--验证 公司数据]
2021-09-08 22:53:40,837 G:\pycharm\script\UI_automated_testing\tools\logUtil.py DEBUG [test_tabulate_data_003--03 首页-公司数据--验证 汇总数据]
2021-09-08 22:53:55,078 G:\pycharm\script\UI_automated_testing\tools\logUtil.py DEBUG [test_tabulate_data_003--04 培训计划报送--验证 查询操作]
2021-09-08 22:55:33,343 G:\pycharm\script\UI_automated_testing\tools\logUtil.py DEBUG [test_inquire_003-- 05 培训学分--验证 查询操作]
2021-09-08 22:57:57,275 G:\pycharm\script\UI_automated_testing\tools\logUtil.py DEBUG [test_query_inquire_005-- 05 培训记录查询--验证 操作]
2021-09-08 22:59:49,690 G:\pycharm\script\UI_automated_testing\tools\logUtil.py DEBUG [test_record_statistical_query_inquire_005-- 05 培训记录统计查询--验证 操作]
2021-09-08 23:01:30,705 G:\pycharm\script\UI_automated_testing\tools\logUtil.py DEBUG [test_operation_005-- 05 培训学分--验证 操作]
2021-09-08 23:25:28,625 G:\pycharm\script\UI_automated_testing\tools\logUtil.py DEBUG [test_overview_digital_001--01 首页-数字概览--验证 总已参训人数/总计划人数相关字段、总达标人数/总参训人数  是否计算正确]
2021-09-08 23:25:43,510 G:\pycharm\script\UI_automated_testing\tools\logUtil.py DEBUG [test_charts_002--01 首页-数字概览--验证 参训/达标走势图  是否正确返回]
2021-09-08 23:26:18,899 G:\pycharm\script\UI_automated_testing\tools\logUtil.py DEBUG [test_kinds_standards_003--01 首页-数字概览--验证 各类达标情况  是否正确返回]
2021-09-08 23:26:33,807 G:\pycharm\script\UI_automated_testing\tools\logUtil.py DEBUG [test_student_details_003--02 首页-学员详情--验证 查询功能]
2021-09-08 23:27:34,781 G:\pycharm\script\UI_automated_testing\tools\logUtil.py DEBUG [test_company_data_003--03 首页-公司数据--验证 公司数据]
2021-09-08 23:28:02,524 G:\pycharm\script\UI_automated_testing\tools\logUtil.py DEBUG [test_tabulate_data_003--03 首页-公司数据--验证 汇总数据]
2021-09-08 23:28:16,773 G:\pycharm\script\UI_automated_testing\tools\logUtil.py DEBUG [test_tabulate_data_003--04 培训计划报送--验证 查询操作]
2021-09-08 23:29:55,148 G:\pycharm\script\UI_automated_testing\tools\logUtil.py DEBUG [test_query_inquire_005-- 05 培训记录查询--验证 操作]
2021-09-08 23:31:47,632 G:\pycharm\script\UI_automated_testing\tools\logUtil.py DEBUG [test_record_statistical_query_inquire_005-- 05 培训记录统计查询--验证 操作]
2021-09-08 23:36:32,883 G:\pycharm\script\UI_automated_testing\tools\logUtil.py DEBUG [test_overview_digital_001--01 首页-数字概览--验证 总已参训人数/总计划人数相关字段、总达标人数/总参训人数  是否计算正确]
2021-09-08 23:36:47,836 G:\pycharm\script\UI_automated_testing\tools\logUtil.py DEBUG [test_charts_002--01 首页-数字概览--验证 参训/达标走势图  是否正确返回]
2021-09-08 23:37:23,340 G:\pycharm\script\UI_automated_testing\tools\logUtil.py DEBUG [test_kinds_standards_003--01 首页-数字概览--验证 各类达标情况  是否正确返回]
2021-09-08 23:37:38,340 G:\pycharm\script\UI_automated_testing\tools\logUtil.py DEBUG [test_student_details_003--02 首页-学员详情--验证 查询功能]
2021-09-08 23:38:39,498 G:\pycharm\script\UI_automated_testing\tools\logUtil.py DEBUG [test_company_data_003--03 首页-公司数据--验证 公司数据]
2021-09-08 23:39:07,562 G:\pycharm\script\UI_automated_testing\tools\logUtil.py DEBUG [test_tabulate_data_003--03 首页-公司数据--验证 汇总数据]
2021-09-08 23:39:21,869 G:\pycharm\script\UI_automated_testing\tools\logUtil.py DEBUG [test_tabulate_data_003--04 培训计划报送--验证 查询操作]
2021-09-08 23:41:00,605 G:\pycharm\script\UI_automated_testing\tools\logUtil.py DEBUG [test_inquire_003-- 05 培训学分--验证 查询操作]
2021-09-08 23:43:25,283 G:\pycharm\script\UI_automated_testing\tools\logUtil.py DEBUG [test_query_inquire_005-- 05 培训记录查询--验证 操作]
2021-09-08 23:45:17,655 G:\pycharm\script\UI_automated_testing\tools\logUtil.py DEBUG [test_record_statistical_query_inquire_005-- 05 培训记录统计查询--验证 操作]
2021-09-08 23:46:59,067 G:\pycharm\script\UI_automated_testing\tools\logUtil.py DEBUG [test_operation_005-- 05 培训学分--验证 操作]
