2021-08-24 09:32:09,271 G:\pycharm\script\UI_automated_testing\tools\logUtil.py DEBUG [test_kinds_standards_003--首页-数字概览--验证 各类达标情况  是否正确返回]
2021-08-24 09:37:59,103 G:\pycharm\script\UI_automated_testing\tools\logUtil.py DEBUG [test_kinds_standards_003--首页-数字概览--验证 各类达标情况  是否正确返回]
2021-08-24 09:57:47,117 G:\pycharm\script\UI_automated_testing\tools\logUtil.py DEBUG [test_kinds_standards_003--首页-数字概览--验证 各类达标情况  是否正确返回]
2021-08-24 10:00:29,470 G:\pycharm\script\UI_automated_testing\tools\logUtil.py DEBUG [test_kinds_standards_003--首页-数字概览--验证 各类达标情况  是否正确返回]
2021-08-24 10:04:26,924 G:\pycharm\script\UI_automated_testing\tools\logUtil.py DEBUG [test_kinds_standards_003--首页-数字概览--验证 各类达标情况  是否正确返回]
2021-08-24 10:04:33,405 G:\pycharm\script\UI_automated_testing\tools\logUtil.py DEBUG [test_company_data_003--首页-公司数据--验证 公司数据]
2021-08-24 10:04:50,967 G:\pycharm\script\UI_automated_testing\tools\logUtil.py DEBUG [test_tabulate_data_003--首页-公司数据--验证 汇总数据]
2021-08-24 10:06:42,974 G:\pycharm\script\UI_automated_testing\tools\logUtil.py DEBUG [test_overview_digital_001--首页-数字概览--验证 总已参训人数/总计划人数相关字段、总达标人数/总参训人数  是否计算正确]
2021-08-24 10:06:49,463 G:\pycharm\script\UI_automated_testing\tools\logUtil.py DEBUG [test_charts_002--首页-数字概览--验证 参训/达标走势图  是否正确返回]
2021-08-24 10:07:16,692 G:\pycharm\script\UI_automated_testing\tools\logUtil.py DEBUG [test_student_details_003--首页-学员详情--验证 查询功能]
2021-08-24 10:08:23,243 G:\pycharm\script\UI_automated_testing\tools\logUtil.py DEBUG [test_overview_digital_001--首页-数字概览--验证 总已参训人数/总计划人数相关字段、总达标人数/总参训人数  是否计算正确]
2021-08-24 10:08:29,891 G:\pycharm\script\UI_automated_testing\tools\logUtil.py DEBUG [test_kinds_standards_003--首页-数字概览--验证 各类达标情况  是否正确返回]
2021-08-24 11:41:18,412 G:\pycharm\script\UI_automated_testing\tools\logUtil.py DEBUG [test_inquire_003--培训学分--验证 查询操作]
2021-08-24 11:42:04,022 G:\pycharm\script\UI_automated_testing\tools\logUtil.py DEBUG [test_inquire_003--培训学分--验证 查询操作]
2021-08-24 11:49:16,112 G:\pycharm\script\UI_automated_testing\tools\logUtil.py DEBUG [test_inquire_003--培训学分--验证 查询操作]
2021-08-24 13:27:59,458 G:\pycharm\script\UI_automated_testing\tools\logUtil.py DEBUG [test_inquire_003--培训学分--验证 查询操作]
2021-08-24 13:38:52,584 G:\pycharm\script\UI_automated_testing\tools\logUtil.py DEBUG [test_inquire_003--培训学分--验证 查询操作]
2021-08-24 13:41:42,035 G:\pycharm\script\UI_automated_testing\tools\logUtil.py DEBUG [test_inquire_003--培训学分--验证 查询操作]
2021-08-24 13:45:22,817 G:\pycharm\script\UI_automated_testing\tools\logUtil.py DEBUG [test_inquire_003--培训学分--验证 查询操作]
2021-08-24 13:46:26,214 G:\pycharm\script\UI_automated_testing\tools\logUtil.py DEBUG [test_inquire_003--培训学分--验证 查询操作]
2021-08-24 13:58:00,134 G:\pycharm\script\UI_automated_testing\tools\logUtil.py DEBUG [test_inquire_003--培训学分--验证 查询操作]
2021-08-24 14:00:31,759 G:\pycharm\script\UI_automated_testing\tools\logUtil.py DEBUG [test_inquire_003--培训学分--验证 查询操作]
2021-08-24 14:02:34,000 G:\pycharm\script\UI_automated_testing\tools\logUtil.py DEBUG [test_inquire_003--培训学分--验证 查询操作]
2021-08-24 14:07:40,432 G:\pycharm\script\UI_automated_testing\tools\logUtil.py DEBUG [test_inquire_003--培训学分--验证 查询操作]
2021-08-24 14:10:04,542 G:\pycharm\script\UI_automated_testing\tools\logUtil.py DEBUG [test_inquire_003--培训学分--验证 查询操作]
2021-08-24 14:10:56,610 G:\pycharm\script\UI_automated_testing\tools\logUtil.py DEBUG [test_inquire_003--培训学分--验证 查询操作]
2021-08-24 14:12:19,708 G:\pycharm\script\UI_automated_testing\tools\logUtil.py DEBUG [test_inquire_003--培训学分--验证 查询操作]
2021-08-24 14:13:24,211 G:\pycharm\script\UI_automated_testing\tools\logUtil.py DEBUG [test_inquire_003--培训学分--验证 查询操作]
2021-08-24 14:30:07,795 G:\pycharm\script\UI_automated_testing\tools\logUtil.py DEBUG [test_inquire_003--培训学分--验证 查询操作]
2021-08-24 14:37:16,671 G:\pycharm\script\UI_automated_testing\tools\logUtil.py DEBUG [test_inquire_003--培训学分--验证 查询操作]
2021-08-24 14:46:11,873 G:\pycharm\script\UI_automated_testing\tools\logUtil.py DEBUG [test_inquire_003--培训学分--验证 查询操作]
2021-08-24 14:49:29,263 G:\pycharm\script\UI_automated_testing\tools\logUtil.py DEBUG [test_inquire_003--培训学分--验证 查询操作]
2021-08-24 14:54:31,836 G:\pycharm\script\UI_automated_testing\tools\logUtil.py DEBUG [test_inquire_003--培训学分--验证 查询操作]
2021-08-24 15:18:12,900 G:\pycharm\script\UI_automated_testing\tools\logUtil.py DEBUG [test_inquire_003--培训学分--验证 查询操作]
2021-08-24 15:19:43,011 G:\pycharm\script\UI_automated_testing\tools\logUtil.py DEBUG [test_inquire_003--培训学分--验证 查询操作]
2021-08-24 16:14:12,703 G:\pycharm\script\UI_automated_testing\tools\logUtil.py DEBUG [test_inquire_003--培训学分--验证 查询操作]
2021-08-24 16:30:12,533 G:\pycharm\script\UI_automated_testing\tools\logUtil.py DEBUG [test_inquire_003--培训学分--验证 查询操作]
2021-08-24 16:31:24,862 G:\pycharm\script\UI_automated_testing\tools\logUtil.py DEBUG [test_inquire_003--培训学分--验证 查询操作]
2021-08-24 16:33:17,917 G:\pycharm\script\UI_automated_testing\tools\logUtil.py DEBUG [test_inquire_003--培训学分--验证 查询操作]
2021-08-24 16:35:55,123 G:\pycharm\script\UI_automated_testing\tools\logUtil.py DEBUG [test_overview_digital_001--首页-数字概览--验证 总已参训人数/总计划人数相关字段、总达标人数/总参训人数  是否计算正确]
2021-08-24 16:36:03,782 G:\pycharm\script\UI_automated_testing\tools\logUtil.py DEBUG [test_kinds_standards_003--首页-数字概览--验证 各类达标情况  是否正确返回]
2021-08-24 16:36:12,359 G:\pycharm\script\UI_automated_testing\tools\logUtil.py DEBUG [test_student_details_003--首页-学员详情--验证 查询功能]
2021-08-24 16:37:03,392 G:\pycharm\script\UI_automated_testing\tools\logUtil.py DEBUG [test_company_data_003--首页-公司数据--验证 公司数据]
2021-08-24 16:37:36,831 G:\pycharm\script\UI_automated_testing\tools\logUtil.py DEBUG [test_tabulate_data_003--培训计划报送--验证 查询操作]
2021-08-24 16:43:35,568 G:\pycharm\script\UI_automated_testing\tools\logUtil.py DEBUG [test_inquire_003--培训学分--验证 查询操作]
2021-08-24 16:44:09,263 G:\pycharm\script\UI_automated_testing\tools\logUtil.py DEBUG [test_overview_digital_001--首页-数字概览--验证 总已参训人数/总计划人数相关字段、总达标人数/总参训人数  是否计算正确]
2021-08-24 16:44:17,807 G:\pycharm\script\UI_automated_testing\tools\logUtil.py DEBUG [test_kinds_standards_003--首页-数字概览--验证 各类达标情况  是否正确返回]
2021-08-24 16:44:26,398 G:\pycharm\script\UI_automated_testing\tools\logUtil.py DEBUG [test_student_details_003--首页-学员详情--验证 查询功能]
2021-08-24 16:45:17,544 G:\pycharm\script\UI_automated_testing\tools\logUtil.py DEBUG [test_company_data_003--首页-公司数据--验证 公司数据]
2021-08-24 16:45:38,368 G:\pycharm\script\UI_automated_testing\tools\logUtil.py DEBUG [test_tabulate_data_003--首页-公司数据--验证 汇总数据]
2021-08-24 16:45:46,405 G:\pycharm\script\UI_automated_testing\tools\logUtil.py DEBUG [test_tabulate_data_003--培训计划报送--验证 查询操作]
2021-08-24 16:47:16,486 G:\pycharm\script\UI_automated_testing\tools\logUtil.py DEBUG [test_inquire_003--培训学分--验证 查询操作]
2021-08-24 16:52:38,067 G:\pycharm\script\UI_automated_testing\tools\logUtil.py DEBUG [test_inquire_003--培训学分--验证 查询操作]
2021-08-24 17:01:08,558 G:\pycharm\script\UI_automated_testing\tools\logUtil.py DEBUG [test_inquire_003--培训学分--验证 查询操作]
2021-08-24 17:04:45,602 G:\pycharm\script\UI_automated_testing\tools\logUtil.py DEBUG [test_inquire_003--培训学分--验证 查询操作]
2021-08-24 17:06:22,156 G:\pycharm\script\UI_automated_testing\tools\logUtil.py DEBUG [test_kinds_standards_003--首页-数字概览--验证 各类达标情况  是否正确返回]
2021-08-24 17:11:10,182 G:\pycharm\script\UI_automated_testing\tools\logUtil.py DEBUG [test_kinds_standards_003--首页-数字概览--验证 各类达标情况  是否正确返回]
2021-08-24 17:15:20,230 G:\pycharm\script\UI_automated_testing\tools\logUtil.py DEBUG [test_kinds_standards_003--首页-数字概览--验证 各类达标情况  是否正确返回]
2021-08-24 17:16:30,183 G:\pycharm\script\UI_automated_testing\tools\logUtil.py DEBUG [test_kinds_standards_003--首页-数字概览--验证 各类达标情况  是否正确返回]
2021-08-24 17:24:39,702 G:\pycharm\script\UI_automated_testing\tools\logUtil.py DEBUG [test_kinds_standards_003--首页-数字概览--验证 各类达标情况  是否正确返回]
2021-08-24 17:24:48,214 G:\pycharm\script\UI_automated_testing\tools\logUtil.py DEBUG [test_student_details_003--首页-学员详情--验证 查询功能]
2021-08-24 17:27:01,198 G:\pycharm\script\UI_automated_testing\tools\logUtil.py DEBUG [test_overview_digital_001--首页-数字概览--验证 总已参训人数/总计划人数相关字段、总达标人数/总参训人数  是否计算正确]
2021-08-24 17:27:09,910 G:\pycharm\script\UI_automated_testing\tools\logUtil.py DEBUG [test_charts_002--首页-数字概览--验证 参训/达标走势图  是否正确返回]
2021-08-24 17:27:38,878 G:\pycharm\script\UI_automated_testing\tools\logUtil.py DEBUG [test_kinds_standards_003--首页-数字概览--验证 各类达标情况  是否正确返回]
2021-08-24 17:27:47,469 G:\pycharm\script\UI_automated_testing\tools\logUtil.py DEBUG [test_student_details_003--首页-学员详情--验证 查询功能]
2021-08-24 17:28:38,463 G:\pycharm\script\UI_automated_testing\tools\logUtil.py DEBUG [test_company_data_003--首页-公司数据--验证 公司数据]
2021-08-24 17:28:58,860 G:\pycharm\script\UI_automated_testing\tools\logUtil.py DEBUG [test_tabulate_data_003--首页-公司数据--验证 汇总数据]
2021-08-24 17:29:06,813 G:\pycharm\script\UI_automated_testing\tools\logUtil.py DEBUG [test_tabulate_data_003--培训计划报送--验证 查询操作]
2021-08-24 17:30:37,217 G:\pycharm\script\UI_automated_testing\tools\logUtil.py DEBUG [test_inquire_003--培训学分--验证 查询操作]
2021-08-24 17:35:15,194 G:\pycharm\script\UI_automated_testing\tools\logUtil.py DEBUG [test_overview_digital_001--首页-数字概览--验证 总已参训人数/总计划人数相关字段、总达标人数/总参训人数  是否计算正确]
2021-08-24 17:35:23,872 G:\pycharm\script\UI_automated_testing\tools\logUtil.py DEBUG [test_charts_002--首页-数字概览--验证 参训/达标走势图  是否正确返回]
2021-08-24 17:35:52,993 G:\pycharm\script\UI_automated_testing\tools\logUtil.py DEBUG [test_kinds_standards_003--首页-数字概览--验证 各类达标情况  是否正确返回]
2021-08-24 17:36:01,651 G:\pycharm\script\UI_automated_testing\tools\logUtil.py DEBUG [test_student_details_003--首页-学员详情--验证 查询功能]
2021-08-24 17:36:52,822 G:\pycharm\script\UI_automated_testing\tools\logUtil.py DEBUG [test_company_data_003--首页-公司数据--验证 公司数据]
2021-08-24 17:37:13,391 G:\pycharm\script\UI_automated_testing\tools\logUtil.py DEBUG [test_tabulate_data_003--首页-公司数据--验证 汇总数据]
2021-08-24 17:37:21,388 G:\pycharm\script\UI_automated_testing\tools\logUtil.py DEBUG [test_tabulate_data_003--培训计划报送--验证 查询操作]
2021-08-24 17:38:50,764 G:\pycharm\script\UI_automated_testing\tools\logUtil.py DEBUG [test_inquire_003--培训学分--验证 查询操作]
